Flow report for VectorizedCPU
Sun Oct 30 15:59:10 2022
Quartus Prime Version 18.1.0 Build 625 09/12/2018 SJ Lite Edition


---------------------
; Table of Contents ;
---------------------
  1. Legal Notice
  2. Flow Summary
  3. Flow Settings
  4. Flow Non-Default Global Settings
  5. Flow Elapsed Time
  6. Flow OS Summary
  7. Flow Log
  8. Flow Messages
  9. Flow Suppressed Messages



----------------
; Legal Notice ;
----------------
Copyright (C) 2018  Intel Corporation. All rights reserved.
Your use of Intel Corporation's design tools, logic functions 
and other software and tools, and its AMPP partner logic 
functions, and any output files from any of the foregoing 
(including device programming or simulation files), and any 
associated documentation or information are expressly subject 
to the terms and conditions of the Intel Program License 
Subscription Agreement, the Intel Quartus Prime License Agreement,
the Intel FPGA IP License Agreement, or other applicable license
agreement, including, without limitation, that your use is for
the sole purpose of programming logic devices manufactured by
Intel and sold by Intel or its authorized distributors.  Please
refer to the applicable agreement for further details.



+----------------------------------------------------------------------------------+
; Flow Summary                                                                     ;
+------------------------------------+---------------------------------------------+
; Flow Status                        ; Successful - Sun Oct 30 15:59:08 2022       ;
; Quartus Prime Version              ; 18.1.0 Build 625 09/12/2018 SJ Lite Edition ;
; Revision Name                      ; VectorizedCPU                               ;
; Top-level Entity Name              ; memory                                      ;
; Family                             ; Cyclone IV GX                               ;
; Device                             ; EP4CGX150DF31C7                             ;
; Timing Models                      ; Final                                       ;
; Total logic elements               ; 107,724                                     ;
;     Total combinational functions  ; 78,105                                      ;
;     Dedicated logic registers      ; 64,000                                      ;
; Total registers                    ; 64000                                       ;
; Total pins                         ; 168                                         ;
; Total virtual pins                 ; 0                                           ;
; Total memory bits                  ; 0                                           ;
; Embedded Multiplier 9-bit elements ; 0                                           ;
; Total GXB Receiver Channel PCS     ; 0                                           ;
; Total GXB Receiver Channel PMA     ; 0                                           ;
; Total GXB Transmitter Channel PCS  ; 0                                           ;
; Total GXB Transmitter Channel PMA  ; 0                                           ;
; Total PLLs                         ; 0                                           ;
+------------------------------------+---------------------------------------------+


+-----------------------------------------+
; Flow Settings                           ;
+-------------------+---------------------+
; Option            ; Setting             ;
+-------------------+---------------------+
; Start date & time ; 10/30/2022 15:57:01 ;
; Main task         ; Compilation         ;
; Revision Name     ; VectorizedCPU       ;
+-------------------+---------------------+


+-------------------------------------------------------------------------------------------------------------------------------------------------+
; Flow Non-Default Global Settings                                                                                                                ;
+--------------------------------------+----------------------------------------+---------------+-------------+-----------------------------------+
; Assignment Name                      ; Value                                  ; Default Value ; Entity Name ; Section Id                        ;
+--------------------------------------+----------------------------------------+---------------+-------------+-----------------------------------+
; COMPILER_SIGNATURE_ID                ; 145862424833242.166716702109564        ; --            ; --          ; --                                ;
; EDA_DESIGN_INSTANCE_NAME             ; NA                                     ; --            ; --          ; testCondUnit                      ;
; EDA_DESIGN_INSTANCE_NAME             ; NA                                     ; --            ; --          ; testALU                           ;
; EDA_DESIGN_INSTANCE_NAME             ; NA                                     ; --            ; --          ; testControlUnit                   ;
; EDA_DESIGN_INSTANCE_NAME             ; NA                                     ; --            ; --          ; testExecute                       ;
; EDA_DESIGN_INSTANCE_NAME             ; NA                                     ; --            ; --          ; testCPU                           ;
; EDA_DESIGN_INSTANCE_NAME             ; NA                                     ; --            ; --          ; testAluV                          ;
; EDA_DESIGN_INSTANCE_NAME             ; NA                                     ; --            ; --          ; testMemory                        ;
; EDA_DESIGN_INSTANCE_NAME             ; NA                                     ; --            ; --          ; testDecode                        ;
; EDA_DESIGN_INSTANCE_NAME             ; NA                                     ; --            ; --          ; testFecth                         ;
; EDA_GENERATE_FUNCTIONAL_NETLIST      ; Off                                    ; --            ; --          ; eda_board_design_timing           ;
; EDA_GENERATE_FUNCTIONAL_NETLIST      ; Off                                    ; --            ; --          ; eda_board_design_boundary_scan    ;
; EDA_GENERATE_FUNCTIONAL_NETLIST      ; Off                                    ; --            ; --          ; eda_board_design_signal_integrity ;
; EDA_GENERATE_FUNCTIONAL_NETLIST      ; Off                                    ; --            ; --          ; eda_board_design_symbol           ;
; EDA_NATIVELINK_SIMULATION_TEST_BENCH ; testMemory                             ; --            ; --          ; eda_simulation                    ;
; EDA_OUTPUT_DATA_FORMAT               ; Verilog Hdl                            ; --            ; --          ; eda_simulation                    ;
; EDA_SIMULATION_TOOL                  ; ModelSim-Altera (Verilog)              ; <None>        ; --          ; --                                ;
; EDA_TEST_BENCH_ENABLE_STATUS         ; TEST_BENCH_MODE                        ; --            ; --          ; eda_simulation                    ;
; EDA_TEST_BENCH_FILE                  ; Tests/testCondUnit.sv                  ; --            ; --          ; testCondUnit                      ;
; EDA_TEST_BENCH_FILE                  ; Tests/testALU.sv                       ; --            ; --          ; testALU                           ;
; EDA_TEST_BENCH_FILE                  ; Tests/testControlUnit.sv               ; --            ; --          ; testControlUnit                   ;
; EDA_TEST_BENCH_FILE                  ; Tests/testExecute.sv                   ; --            ; --          ; testExecute                       ;
; EDA_TEST_BENCH_FILE                  ; Tests/testCPU.sv                       ; --            ; --          ; testCPU                           ;
; EDA_TEST_BENCH_FILE                  ; Tests/testAluV.sv                      ; --            ; --          ; testAluV                          ;
; EDA_TEST_BENCH_FILE                  ; Tests/testMemory.sv                    ; --            ; --          ; testMemory                        ;
; EDA_TEST_BENCH_FILE                  ; Tests/testDecode.sv                    ; --            ; --          ; testDecode                        ;
; EDA_TEST_BENCH_FILE                  ; Tests/testFecth.sv                     ; --            ; --          ; testFecth                         ;
; EDA_TEST_BENCH_MODULE_NAME           ; testCondUnit                           ; --            ; --          ; testCondUnit                      ;
; EDA_TEST_BENCH_MODULE_NAME           ; testALU                                ; --            ; --          ; testALU                           ;
; EDA_TEST_BENCH_MODULE_NAME           ; testControlUnit                        ; --            ; --          ; testControlUnit                   ;
; EDA_TEST_BENCH_MODULE_NAME           ; testExecute                            ; --            ; --          ; testExecute                       ;
; EDA_TEST_BENCH_MODULE_NAME           ; testCPU                                ; --            ; --          ; testCPU                           ;
; EDA_TEST_BENCH_MODULE_NAME           ; testAluV                               ; --            ; --          ; testAluV                          ;
; EDA_TEST_BENCH_MODULE_NAME           ; testMemory                             ; --            ; --          ; testMemory                        ;
; EDA_TEST_BENCH_MODULE_NAME           ; testDecode                             ; --            ; --          ; testDecode                        ;
; EDA_TEST_BENCH_MODULE_NAME           ; testFecth                              ; --            ; --          ; testFecth                         ;
; EDA_TEST_BENCH_NAME                  ; testControlUnit                        ; --            ; --          ; eda_simulation                    ;
; EDA_TEST_BENCH_NAME                  ; testCondUnit                           ; --            ; --          ; eda_simulation                    ;
; EDA_TEST_BENCH_NAME                  ; testCPU                                ; --            ; --          ; eda_simulation                    ;
; EDA_TEST_BENCH_NAME                  ; testALU                                ; --            ; --          ; eda_simulation                    ;
; EDA_TEST_BENCH_NAME                  ; testAluV                               ; --            ; --          ; eda_simulation                    ;
; EDA_TEST_BENCH_NAME                  ; testFecth                              ; --            ; --          ; eda_simulation                    ;
; EDA_TEST_BENCH_NAME                  ; testDecode                             ; --            ; --          ; eda_simulation                    ;
; EDA_TEST_BENCH_NAME                  ; testExecute                            ; --            ; --          ; eda_simulation                    ;
; EDA_TEST_BENCH_NAME                  ; testMemory                             ; --            ; --          ; eda_simulation                    ;
; EDA_TIME_SCALE                       ; 1 ps                                   ; --            ; --          ; eda_simulation                    ;
; MAX_CORE_JUNCTION_TEMP               ; 85                                     ; --            ; --          ; --                                ;
; MIN_CORE_JUNCTION_TEMP               ; 0                                      ; --            ; --          ; --                                ;
; NUM_PARALLEL_PROCESSORS              ; All                                    ; --            ; --          ; --                                ;
; PARTITION_COLOR                      ; -- (Not supported for targeted family) ; --            ; memory      ; Top                               ;
; PARTITION_FITTER_PRESERVATION_LEVEL  ; -- (Not supported for targeted family) ; --            ; memory      ; Top                               ;
; PARTITION_NETLIST_TYPE               ; -- (Not supported for targeted family) ; --            ; memory      ; Top                               ;
; POWER_BOARD_THERMAL_MODEL            ; None (CONSERVATIVE)                    ; --            ; --          ; --                                ;
; POWER_PRESET_COOLING_SOLUTION        ; 23 MM HEAT SINK WITH 200 LFPM AIRFLOW  ; --            ; --          ; --                                ;
; PROJECT_OUTPUT_DIRECTORY             ; output_files                           ; --            ; --          ; --                                ;
; TOP_LEVEL_ENTITY                     ; memory                                 ; VectorizedCPU ; --          ; --                                ;
+--------------------------------------+----------------------------------------+---------------+-------------+-----------------------------------+


+--------------------------------------------------------------------------------------------------------------------------+
; Flow Elapsed Time                                                                                                        ;
+----------------------+--------------+-------------------------+---------------------+------------------------------------+
; Module Name          ; Elapsed Time ; Average Processors Used ; Peak Virtual Memory ; Total CPU Time (on all processors) ;
+----------------------+--------------+-------------------------+---------------------+------------------------------------+
; Analysis & Synthesis ; 00:01:57     ; 1.0                     ; 5287 MB             ; 00:02:22                           ;
; Total                ; 00:01:57     ; --                      ; --                  ; 00:02:22                           ;
+----------------------+--------------+-------------------------+---------------------+------------------------------------+


+------------------------------------------------------------------------------------+
; Flow OS Summary                                                                    ;
+----------------------+------------------+------------+------------+----------------+
; Module Name          ; Machine Hostname ; OS Name    ; OS Version ; Processor type ;
+----------------------+------------------+------------+------------+----------------+
; Analysis & Synthesis ; DESKTOP-46BF619  ; Windows 10 ; 10.0       ; x86_64         ;
+----------------------+------------------+------------+------------+----------------+


------------
; Flow Log ;
------------
quartus_map --read_settings_files=on --write_settings_files=off VectorizedCPU -c VectorizedCPU



